\BOOKMARK [0][-]{chapter*.2}{Introduction}{}% 1
\BOOKMARK [0][-]{chapter.1}{Pr\351liminaires sur les volumes finis et le langage Python}{}% 2
\BOOKMARK [1][-]{section.1.1}{Exemple introductif}{chapter.1}% 3
\BOOKMARK [1][-]{section.1.2}{Probl\350me mod\350le en dimension deux}{chapter.1}% 4
\BOOKMARK [1][-]{section.1.3}{R\351solution par m\351thode G.M.R.E.S}{chapter.1}% 5
\BOOKMARK [1][-]{section.1.4}{R\351solution par la m\351thode BI.C.G.STAB}{chapter.1}% 6
\BOOKMARK [1][-]{section.1.5}{Conclusion de la comparaison des m\351thodes}{chapter.1}% 7
\BOOKMARK [1][-]{section.1.6}{La question du pr\351conditionnement}{chapter.1}% 8
\BOOKMARK [1][-]{section.1.7}{Conclusion}{chapter.1}% 9
\BOOKMARK [0][-]{chapter.2}{Analyse \046 analyse num\351rique pour le syst\350me de Stokes}{}% 10
\BOOKMARK [1][-]{section.2.1}{Mod\351lisation des fluides visqueux}{chapter.2}% 11
\BOOKMARK [1][-]{section.2.2}{Approximation de Stokes : les faibles nombres de Reynolds}{chapter.2}% 12
\BOOKMARK [1][-]{section.2.3}{Maillage Marker \046 Cell}{chapter.2}% 13
\BOOKMARK [1][-]{section.2.4}{Le syst\350me de Stokes d\351pendant du temps}{chapter.2}% 14
\BOOKMARK [1][-]{section.2.5}{Analyse num\351rique pour le probl\350me de Stokes d\351pendant du temps}{chapter.2}% 15
\BOOKMARK [1][-]{section.2.6}{Conclusion}{chapter.2}% 16
\BOOKMARK [0][-]{chapter.3}{Deux mod\350les d'\351coulement en milieu poreux : Darcy et Brinkman}{}% 17
\BOOKMARK [1][-]{section.3.1}{Description d'un milieu poreux}{chapter.3}% 18
\BOOKMARK [1][-]{section.3.2}{Dynamique des \351coulements en milieu poreux}{chapter.3}% 19
\BOOKMARK [1][-]{section.3.3}{Exp\351riences num\351riques pour le syst\350me de Brinkman d\351pendant du temps en deux dimensions}{chapter.3}% 20
\BOOKMARK [1][-]{section.3.4}{\311tude num\351rique de la d\351g\351nerescence en syst\350me de Darcy}{chapter.3}% 21
\BOOKMARK [1][-]{section.3.5}{Conclusion}{chapter.3}% 22
\BOOKMARK [0][-]{chapter.4}{Superposition d'une couche fluide sur une couche poreuse}{}% 23
\BOOKMARK [1][-]{section.4.1}{Mise en situation}{chapter.4}% 24
\BOOKMARK [1][-]{section.4.2}{Exp\351rience num\351rique en 2.D}{chapter.4}% 25
\BOOKMARK [1][-]{section.4.3}{Conclusion}{chapter.4}% 26
\BOOKMARK [0][-]{section.4.3}{Conclusion}{}% 27
